commit 71cf7f189b82a92db61056280707db35d7c5d07a
Author: Jerome Martinez <jerome.e.martinez@gmail.com>
Date:   Sat Jun 9 14:25:09 2012 -0500

    a little closer with odd:skip two

commit 45769f4ada244095e0c6676137aa221bc827e260
Author: Jerome Martinez <jerome.e.martinez@gmail.com>
Date:   Sat Jun 9 13:54:55 2012 -0500

    new branch for implemening odd:skip two

commit d1ffbb3d222bbf2935b87e0bfeb3f92fb16bd11f
Author: Jerome Martinez <jerome.e.martinez@gmail.com>
Date:   Fri Jun 8 00:08:26 2012 -0500

    added the public acceptance tests

commit 1660980dd8a6462f1460a6ba06e180116d43d20e
Author: Jerome Martinez <jerome.e.martinez@gmail.com>
Date:   Thu Jun 7 23:07:18 2012 -0500

    best optimization so far: under one second

commit d47dcbb052235bd4a637adb1e1e57d93db1c3aa0
Author: Jerome Martinez <jerome.e.martinez@gmail.com>
Date:   Wed Jun 6 13:03:53 2012 -0500

    better optimization: lazy cache. accepted in Sphere

commit 95600fed718e0dc46dd6494171c2d318a0f2e070
Author: Jerome Martinez <jerome.e.martinez@gmail.com>
Date:   Wed Jun 6 01:17:31 2012 -0500

    removed log.txt

commit ce1122ae797f1b79440a76e979954927f3fc4632
Author: Jerome Martinez <jerome.e.martinez@gmail.com>
Date:   Wed Jun 6 01:16:21 2012 -0500

    added a little optimization using hashmap

commit 2588f957868c46c5e4d4418155e4b10c4d06a31a
Author: Jerome Martinez <jerome.e.martinez@gmail.com>
Date:   Tue Jun 5 18:18:32 2012 -0500

    corrected Sphere.py file name and fixed runtime error

commit aeb5d651728376c9600dad39526496352c46a134
Author: Jerome Martinez <jerome.e.martinez@gmail.com>
Date:   Tue Jun 5 18:03:41 2012 -0500

    working simple algorithm -- not tested on sphere yet

commit b59bdbcc4776c7e96c057eaf378ddbe6f0ec6510
Author: Jerome Martinez <jerome.e.martinez@gmail.com>
Date:   Tue Jun 5 16:29:02 2012 -0500

    added the skeleton code files for Collatz

commit 59fddf5047edf96063a859e7c65ddaf616e3f478
Author: Jerome Martinez <jerome.e.martinez@gmail.com>
Date:   Tue Jun 5 16:13:26 2012 -0500

    completed filing out the details of the README file

commit cf2322de3f76904a9b20c9a3525217b0d7703a10
Author: Jerome Martinez <jerome.e.martinez@gmail.com>
Date:   Tue Jun 5 16:05:07 2012 -0500

    first commit! :D
